Content-Type: multipart/alternative;
 boundary="===============0516469879656524896=="
MIME-Version: 1.0
Subject: Reset Your AuroraMart Password
From: noreply@auroramart.com
To: marry@gmail.com
Date: Sat, 15 Nov 2025 19:57:59 -0000
Message-ID: <176323667928.16432.8028557269933956069@PetRock.nus.edu.sg>

--===============0516469879656524896==
Content-Type: text/plain; charset="utf-8"
MIME-Version: 1.0
Content-Transfer-Encoding: 7bit

Hello marry,

You requested a password reset for your AuroraMart account.

Click the link below to reset your password:
http://127.0.0.1:8000/store/password/reset/confirm/MTA3/czcdon-6f6b632f16ce17081af2307a0d6d1ede/

This link will expire in 24 hours.

If you did not request this password reset, please ignore this email. Your password will remain unchanged.

Best regards,
AuroraMart Team
--===============0516469879656524896==
Content-Type: text/html; charset="utf-8"
MIME-Version: 1.0
Content-Transfer-Encoding: 7bit

<!DOCTYPE html>
<html>
<head>
    <meta charset="UTF-8">
    <meta name="viewport" content="width=device-width, initial-scale=1.0">
    <title>Reset Your Password - AuroraMart</title>
</head>
<body style="margin: 0; padding: 0; font-family: Arial, sans-serif; background-color: #f4f4f4;">
    <table width="100%" cellpadding="0" cellspacing="0" style="background-color: #f4f4f4; padding: 20px 0;">
        <tr>
            <td align="center">
                <table width="600" cellpadding="0" cellspacing="0" style="background-color: #ffffff; border-radius: 8px; box-shadow: 0 2px 4px rgba(0,0,0,0.1);">
                    <!-- Header -->
                    <tr>
                        <td style="background-color: #0d6efd; padding: 30px; text-align: center; border-radius: 8px 8px 0 0;">
                            <h1 style="color: #ffffff; margin: 0; font-size: 28px;">AuroraMart</h1>
                        </td>
                    </tr>
                    
                    <!-- Content -->
                    <tr>
                        <td style="padding: 40px 30px;">
                            <h2 style="color: #333333; margin-top: 0;">Reset Your Password</h2>
                            <p style="color: #666666; line-height: 1.6; margin: 20px 0;">
                                Hello <strong>marry</strong>,
                            </p>
                            <p style="color: #666666; line-height: 1.6; margin: 20px 0;">
                                You requested a password reset for your AuroraMart account. Click the button below to set a new password:
                            </p>
                            
                            <!-- Button -->
                            <table width="100%" cellpadding="0" cellspacing="0" style="margin: 30px 0;">
                                <tr>
                                    <td align="center">
                                        <a href="http://127.0.0.1:8000/store/password/reset/confirm/MTA3/czcdon-6f6b632f16ce17081af2307a0d6d1ede/" 
                                           style="display: inline-block; padding: 15px 40px; background-color: #0d6efd; color: #ffffff; text-decoration: none; border-radius: 5px; font-weight: bold; font-size: 16px;">
                                            Reset Password
                                        </a>
                                    </td>
                                </tr>
                            </table>
                            
                            <p style="color: #666666; line-height: 1.6; margin: 20px 0; font-size: 14px;">
                                Or copy and paste this link into your browser:
                            </p>
                            <p style="color: #0d6efd; word-break: break-all; font-size: 13px; background-color: #f8f9fa; padding: 10px; border-radius: 4px;">
                                http://127.0.0.1:8000/store/password/reset/confirm/MTA3/czcdon-6f6b632f16ce17081af2307a0d6d1ede/
                            </p>
                            
                            <p style="color: #999999; line-height: 1.6; margin: 30px 0 0 0; font-size: 13px; border-top: 1px solid #eeeeee; padding-top: 20px;">
                                <strong>Security Note:</strong> This link will expire in 24 hours. If you did not request this password reset, please ignore this email. Your password will remain unchanged.
                            </p>
                        </td>
                    </tr>
                    
                    <!-- Footer -->
                    <tr>
                        <td style="background-color: #f8f9fa; padding: 20px 30px; text-align: center; border-radius: 0 0 8px 8px;">
                            <p style="color: #999999; margin: 0; font-size: 12px;">
                                Best regards,<br>
                                <strong>AuroraMart Team</strong>
                            </p>
                        </td>
                    </tr>
                </table>
            </td>
        </tr>
    </table>
</body>
</html>

--===============0516469879656524896==--

-------------------------------------------------------------------------------
